[2026-03-14 11:40:09,940: INFO: main: >>>>>> stage Data Ingestion stage started <<<<<<]
[2026-03-14 11:40:09,962: INFO: common: yaml file: config\config.yaml loaded successfully]
[2026-03-14 11:40:09,964: INFO: common: yaml file: params.yaml loaded successfully]
[2026-03-14 11:40:09,965: INFO: common: created directory at: artifacts]
[2026-03-14 11:40:09,966: INFO: common: created directory at: artifacts/data_ingestion]
[2026-03-14 11:40:10,547: ERROR: main: <urlopen error [SSL: CERTIFICATE_VERIFY_FAILED] certificate verify failed: unable to get local issuer certificate (_ssl.c:1000)>]
Traceback (most recent call last):
  File "C:\Program Files\Python312\Lib\urllib\request.py", line 1344, in do_open
    h.request(req.get_method(), req.selector, req.data, headers,
  File "C:\Program Files\Python312\Lib\http\client.py", line 1331, in request
    self._send_request(method, url, body, headers, encode_chunked)
  File "C:\Program Files\Python312\Lib\http\client.py", line 1377, in _send_request
    self.endheaders(body, encode_chunked=encode_chunked)
  File "C:\Program Files\Python312\Lib\http\client.py", line 1326, in endheaders
    self._send_output(message_body, encode_chunked=encode_chunked)
  File "C:\Program Files\Python312\Lib\http\client.py", line 1085, in _send_output
    self.send(msg)
  File "C:\Program Files\Python312\Lib\http\client.py", line 1029, in send
    self.connect()
  File "C:\Program Files\Python312\Lib\http\client.py", line 1472, in connect
    self.sock = self._context.wrap_socket(self.sock,
                ^^^^^^^^^^^^^^^^^^^^^^^^^^^^^^^^^^^^
  File "C:\Program Files\Python312\Lib\ssl.py", line 455, in wrap_socket
    return self.sslsocket_class._create(
           ^^^^^^^^^^^^^^^^^^^^^^^^^^^^^
  File "C:\Program Files\Python312\Lib\ssl.py", line 1042, in _create
    self.do_handshake()
  File "C:\Program Files\Python312\Lib\ssl.py", line 1320, in do_handshake
    self._sslobj.do_handshake()
ssl.SSLCertVerificationError: [SSL: CERTIFICATE_VERIFY_FAILED] certificate verify failed: unable to get local issuer certificate (_ssl.c:1000)

During handling of the above exception, another exception occurred:

Traceback (most recent call last):
  File "C:\Users\devar\OneDrive\Documents\My ML Rgeression Temp 01\main.py", line 12, in <module>
    data_ingestion.main()
  File "C:\Users\devar\OneDrive\Documents\My ML Rgeression Temp 01\src\universal_regression\pipeline\stage_01_data_ingestion.py", line 17, in main
    data_ingestion.download_file()
  File "C:\Users\devar\OneDrive\Documents\My ML Rgeression Temp 01\src\universal_regression\components\data_ingestion.py", line 19, in download_file
    filename, headers = request.urlretrieve(
                        ^^^^^^^^^^^^^^^^^^^^
  File "C:\Program Files\Python312\Lib\urllib\request.py", line 240, in urlretrieve
    with contextlib.closing(urlopen(url, data)) as fp:
                            ^^^^^^^^^^^^^^^^^^
  File "C:\Program Files\Python312\Lib\urllib\request.py", line 215, in urlopen
    return opener.open(url, data, timeout)
           ^^^^^^^^^^^^^^^^^^^^^^^^^^^^^^^
  File "C:\Program Files\Python312\Lib\urllib\request.py", line 515, in open
    response = self._open(req, data)
               ^^^^^^^^^^^^^^^^^^^^^
  File "C:\Program Files\Python312\Lib\urllib\request.py", line 532, in _open
    result = self._call_chain(self.handle_open, protocol, protocol +
             ^^^^^^^^^^^^^^^^^^^^^^^^^^^^^^^^^^^^^^^^^^^^^^^^^^^^^^^
  File "C:\Program Files\Python312\Lib\urllib\request.py", line 492, in _call_chain
    result = func(*args)
             ^^^^^^^^^^^
  File "C:\Program Files\Python312\Lib\urllib\request.py", line 1392, in https_open
    return self.do_open(http.client.HTTPSConnection, req,
           ^^^^^^^^^^^^^^^^^^^^^^^^^^^^^^^^^^^^^^^^^^^^^^
  File "C:\Program Files\Python312\Lib\urllib\request.py", line 1347, in do_open
    raise URLError(err)
urllib.error.URLError: <urlopen error [SSL: CERTIFICATE_VERIFY_FAILED] certificate verify failed: unable to get local issuer certificate (_ssl.c:1000)>
[2026-03-14 11:42:44,601: INFO: main: >>>>>> stage Data Ingestion stage started <<<<<<]
[2026-03-14 11:42:44,603: INFO: common: yaml file: config\config.yaml loaded successfully]
[2026-03-14 11:42:44,603: INFO: common: yaml file: params.yaml loaded successfully]
[2026-03-14 11:42:44,604: INFO: common: created directory at: artifacts]
[2026-03-14 11:42:44,604: INFO: common: created directory at: artifacts/data_ingestion]
[2026-03-14 11:42:44,622: ERROR: main: urlretrieve() got an unexpected keyword argument 'context']
Traceback (most recent call last):
  File "C:\Users\devar\OneDrive\Documents\My ML Rgeression Temp 01\main.py", line 12, in <module>
    data_ingestion.main()
  File "C:\Users\devar\OneDrive\Documents\My ML Rgeression Temp 01\src\universal_regression\pipeline\stage_01_data_ingestion.py", line 17, in main
    data_ingestion.download_file()
  File "C:\Users\devar\OneDrive\Documents\My ML Rgeression Temp 01\src\universal_regression\components\data_ingestion.py", line 22, in download_file
    filename, headers = request.urlretrieve(
                        ^^^^^^^^^^^^^^^^^^^^
TypeError: urlretrieve() got an unexpected keyword argument 'context'
[2026-03-14 11:44:41,874: INFO: main: >>>>>> stage Data Ingestion stage started <<<<<<]
[2026-03-14 11:44:41,875: INFO: common: yaml file: config\config.yaml loaded successfully]
[2026-03-14 11:44:41,875: INFO: common: yaml file: params.yaml loaded successfully]
[2026-03-14 11:44:41,875: INFO: common: created directory at: artifacts]
[2026-03-14 11:44:41,875: INFO: common: created directory at: artifacts/data_ingestion]
[2026-03-14 11:44:43,502: INFO: data_ingestion: artifacts/data_ingestion/data.zip download! with following info: 
Connection: close
Content-Length: 23329
Cache-Control: max-age=300
Content-Security-Policy: default-src 'none'; style-src 'unsafe-inline'; sandbox
Content-Type: application/zip
ETag: "c69888a4ae59bc5a893392785a938ccd4937981c06ba8a9d6a21aa52b4ab5b6e"
Strict-Transport-Security: max-age=31536000
X-Content-Type-Options: nosniff
X-Frame-Options: deny
X-XSS-Protection: 1; mode=block
X-GitHub-Request-Id: 0806:239966:61199:111A88:69B4FCD2
Accept-Ranges: bytes
Date: Sat, 14 Mar 2026 06:14:43 GMT
Via: 1.1 varnish
X-Served-By: cache-maa10222-MAA
X-Cache: MISS
X-Cache-Hits: 0
X-Timer: S1773468883.278937,VS0,VE235
Vary: Authorization,Accept-Encoding
Access-Control-Allow-Origin: *
Cross-Origin-Resource-Policy: cross-origin
X-Fastly-Request-ID: 6604c0ffdd1ab92df61efdc003b8c421b1c61ccb
Expires: Sat, 14 Mar 2026 06:19:43 GMT
Source-Age: 0

]
[2026-03-14 11:44:43,536: INFO: main: >>>>>> stage Data Ingestion stage completed <<<<<<

x==========x]
[2026-03-14 11:59:13,586: INFO: main: >>>>>> stage Data Ingestion stage started <<<<<<]
[2026-03-14 11:59:13,601: INFO: common: yaml file: config\config.yaml loaded successfully]
[2026-03-14 11:59:13,602: INFO: common: yaml file: params.yaml loaded successfully]
[2026-03-14 11:59:13,603: INFO: common: created directory at: artifacts]
[2026-03-14 11:59:13,603: INFO: common: created directory at: artifacts/data_ingestion]
[2026-03-14 11:59:13,603: INFO: data_ingestion: File already exists of size: ~ 23 KB]
[2026-03-14 11:59:13,610: INFO: main: >>>>>> stage Data Ingestion stage completed <<<<<<

x==========x]
[2026-03-14 11:59:13,611: INFO: main: >>>>>> stage Data Validation stage started <<<<<<]
[2026-03-14 11:59:13,613: INFO: common: yaml file: config\config.yaml loaded successfully]
[2026-03-14 11:59:13,614: INFO: common: yaml file: params.yaml loaded successfully]
[2026-03-14 11:59:13,614: INFO: common: created directory at: artifacts]
[2026-03-14 11:59:13,614: ERROR: main: 'ConfigurationManager' object has no attribute 'read_yaml']
Traceback (most recent call last):
  File "C:\Users\devar\OneDrive\Documents\My ML Rgeression Temp 01\main.py", line 23, in <module>
    data_validation.main()
  File "C:\Users\devar\OneDrive\Documents\My ML Rgeression Temp 01\src\universal_regression\pipeline\stage_02_data_validation.py", line 14, in main
    data_validation_config = config.get_data_validation_config()
                             ^^^^^^^^^^^^^^^^^^^^^^^^^^^^^^^^^^^
  File "C:\Users\devar\OneDrive\Documents\My ML Rgeression Temp 01\src\universal_regression\config\configuration.py", line 41, in get_data_validation_config
    schema = self.read_yaml(Path("schema.yaml"))['COLUMNS'] # Load our rules
             ^^^^^^^^^^^^^^
AttributeError: 'ConfigurationManager' object has no attribute 'read_yaml'
[2026-03-14 12:00:08,276: INFO: main: >>>>>> stage Data Ingestion stage started <<<<<<]
[2026-03-14 12:00:08,278: INFO: common: yaml file: config\config.yaml loaded successfully]
[2026-03-14 12:00:08,278: INFO: common: yaml file: params.yaml loaded successfully]
[2026-03-14 12:00:08,278: INFO: common: created directory at: artifacts]
[2026-03-14 12:00:08,279: INFO: common: created directory at: artifacts/data_ingestion]
[2026-03-14 12:00:08,279: INFO: data_ingestion: File already exists of size: ~ 23 KB]
[2026-03-14 12:00:08,281: INFO: main: >>>>>> stage Data Ingestion stage completed <<<<<<

x==========x]
[2026-03-14 12:00:08,281: INFO: main: >>>>>> stage Data Validation stage started <<<<<<]
[2026-03-14 12:00:08,282: INFO: common: yaml file: config\config.yaml loaded successfully]
[2026-03-14 12:00:08,282: INFO: common: yaml file: params.yaml loaded successfully]
[2026-03-14 12:00:08,283: INFO: common: created directory at: artifacts]
[2026-03-14 12:00:08,283: ERROR: main: 'ConfigurationManager' object has no attribute 'read_yaml']
Traceback (most recent call last):
  File "C:\Users\devar\OneDrive\Documents\My ML Rgeression Temp 01\main.py", line 23, in <module>
    data_validation.main()
  File "C:\Users\devar\OneDrive\Documents\My ML Rgeression Temp 01\src\universal_regression\pipeline\stage_02_data_validation.py", line 14, in main
    data_validation_config = config.get_data_validation_config()
                             ^^^^^^^^^^^^^^^^^^^^^^^^^^^^^^^^^^^
  File "C:\Users\devar\OneDrive\Documents\My ML Rgeression Temp 01\src\universal_regression\config\configuration.py", line 41, in get_data_validation_config
    schema = self.read_yaml(Path("schema.yaml"))['COLUMNS'] # Load our rules
             ^^^^^^^^^^^^^^
AttributeError: 'ConfigurationManager' object has no attribute 'read_yaml'
[2026-03-14 12:02:29,887: INFO: main: >>>>>> stage Data Ingestion stage started <<<<<<]
[2026-03-14 12:02:29,889: INFO: common: yaml file: config\config.yaml loaded successfully]
[2026-03-14 12:02:29,890: INFO: common: yaml file: params.yaml loaded successfully]
[2026-03-14 12:02:29,891: INFO: common: created directory at: artifacts]
[2026-03-14 12:02:29,891: INFO: common: created directory at: artifacts/data_ingestion]
[2026-03-14 12:02:29,891: INFO: data_ingestion: File already exists of size: ~ 23 KB]
[2026-03-14 12:02:29,896: INFO: main: >>>>>> stage Data Ingestion stage completed <<<<<<

x==========x]
[2026-03-14 12:02:29,896: INFO: main: >>>>>> stage Data Validation stage started <<<<<<]
[2026-03-14 12:02:29,897: INFO: common: yaml file: config\config.yaml loaded successfully]
[2026-03-14 12:02:29,898: INFO: common: yaml file: params.yaml loaded successfully]
[2026-03-14 12:02:29,899: INFO: common: created directory at: artifacts]
[2026-03-14 12:02:29,900: INFO: common: yaml file: schema.yaml loaded successfully]
[2026-03-14 12:02:29,901: INFO: common: created directory at: artifacts/data_validation]
[2026-03-14 12:02:29,929: INFO: main: >>>>>> stage Data Validation stage completed <<<<<<

x==========x]
[2026-03-14 12:09:19,336: INFO: main: >>>>>> stage Data Ingestion stage started <<<<<<]
[2026-03-14 12:09:19,355: INFO: common: yaml file: config\config.yaml loaded successfully]
[2026-03-14 12:09:19,356: INFO: common: yaml file: params.yaml loaded successfully]
[2026-03-14 12:09:19,357: INFO: common: created directory at: artifacts]
[2026-03-14 12:09:19,358: INFO: common: created directory at: artifacts/data_ingestion]
[2026-03-14 12:09:19,359: INFO: data_ingestion: File already exists of size: ~ 23 KB]
[2026-03-14 12:09:19,365: INFO: main: >>>>>> stage Data Ingestion stage completed <<<<<<

x==========x]
[2026-03-14 12:09:19,365: INFO: main: >>>>>> stage Data Validation stage started <<<<<<]
[2026-03-14 12:09:19,367: INFO: common: yaml file: config\config.yaml loaded successfully]
[2026-03-14 12:09:19,367: INFO: common: yaml file: params.yaml loaded successfully]
[2026-03-14 12:09:19,368: INFO: common: created directory at: artifacts]
[2026-03-14 12:09:19,369: INFO: common: yaml file: schema.yaml loaded successfully]
[2026-03-14 12:09:19,369: INFO: common: created directory at: artifacts/data_validation]
[2026-03-14 12:09:19,403: INFO: main: >>>>>> stage Data Validation stage completed <<<<<<

x==========x]
[2026-03-14 12:09:19,404: INFO: main: >>>>>> stage Data Transformation stage started <<<<<<]
[2026-03-14 12:09:19,406: INFO: common: yaml file: config\config.yaml loaded successfully]
[2026-03-14 12:09:19,406: INFO: common: yaml file: params.yaml loaded successfully]
[2026-03-14 12:09:19,407: INFO: common: created directory at: artifacts]
[2026-03-14 12:09:19,407: INFO: common: created directory at: artifacts/data_transformation]
[2026-03-14 12:09:19,435: INFO: data_transformation: Splited data into training and test sets]
[2026-03-14 12:09:19,435: INFO: data_transformation: (1199, 12)]
[2026-03-14 12:09:19,436: INFO: data_transformation: (400, 12)]
[2026-03-14 12:09:19,436: INFO: main: >>>>>> stage Data Transformation stage completed <<<<<<

x==========x]
[2026-03-14 12:14:41,442: INFO: main: >>>>>> stage Data Ingestion stage started <<<<<<]
[2026-03-14 12:14:41,462: INFO: common: yaml file: config\config.yaml loaded successfully]
[2026-03-14 12:14:41,464: INFO: common: yaml file: params.yaml loaded successfully]
[2026-03-14 12:14:41,465: INFO: common: created directory at: artifacts]
[2026-03-14 12:14:41,465: INFO: common: created directory at: artifacts/data_ingestion]
[2026-03-14 12:14:41,465: INFO: data_ingestion: File already exists of size: ~ 23 KB]
[2026-03-14 12:14:41,471: INFO: main: >>>>>> stage Data Ingestion stage completed <<<<<<

x==========x]
[2026-03-14 12:14:41,471: INFO: main: >>>>>> stage Data Validation stage started <<<<<<]
[2026-03-14 12:14:41,473: INFO: common: yaml file: config\config.yaml loaded successfully]
[2026-03-14 12:14:41,475: INFO: common: yaml file: params.yaml loaded successfully]
[2026-03-14 12:14:41,476: INFO: common: created directory at: artifacts]
[2026-03-14 12:14:41,478: INFO: common: yaml file: schema.yaml loaded successfully]
[2026-03-14 12:14:41,479: INFO: common: created directory at: artifacts/data_validation]
[2026-03-14 12:14:41,516: INFO: main: >>>>>> stage Data Validation stage completed <<<<<<

x==========x]
[2026-03-14 12:14:41,516: INFO: main: >>>>>> stage Data Transformation stage started <<<<<<]
[2026-03-14 12:14:41,518: INFO: common: yaml file: config\config.yaml loaded successfully]
[2026-03-14 12:14:41,519: INFO: common: yaml file: params.yaml loaded successfully]
[2026-03-14 12:14:41,520: INFO: common: created directory at: artifacts]
[2026-03-14 12:14:41,520: INFO: common: created directory at: artifacts/data_transformation]
[2026-03-14 12:14:41,545: INFO: data_transformation: Splited data into training and test sets]
[2026-03-14 12:14:41,545: INFO: data_transformation: (1199, 12)]
[2026-03-14 12:14:41,545: INFO: data_transformation: (400, 12)]
[2026-03-14 12:14:41,545: INFO: main: >>>>>> stage Data Transformation stage completed <<<<<<

x==========x]
[2026-03-14 12:14:41,552: INFO: main: >>>>>> stage Model Trainer stage started <<<<<<]
[2026-03-14 12:14:41,554: INFO: common: yaml file: config\config.yaml loaded successfully]
[2026-03-14 12:14:41,555: INFO: common: yaml file: params.yaml loaded successfully]
[2026-03-14 12:14:41,555: INFO: common: created directory at: artifacts]
[2026-03-14 12:14:41,557: INFO: common: yaml file: schema.yaml loaded successfully]
[2026-03-14 12:14:41,558: INFO: common: created directory at: artifacts/model_trainer]
[2026-03-14 12:14:41,558: ERROR: main: 'dict' object has no attribute 'alpha']
Traceback (most recent call last):
  File "C:\Users\devar\OneDrive\Documents\My ML Rgeression Temp 01\main.py", line 47, in <module>
    model_trainer.main()
  File "C:\Users\devar\OneDrive\Documents\My ML Rgeression Temp 01\src\universal_regression\pipeline\stage_04_model_trainer.py", line 11, in main
    model_trainer_config = config.get_model_trainer_config()
                           ^^^^^^^^^^^^^^^^^^^^^^^^^^^^^^^^^
  File "C:\Users\devar\OneDrive\Documents\My ML Rgeression Temp 01\src\universal_regression\config\configuration.py", line 81, in get_model_trainer_config
    alpha = params.alpha,
            ^^^^^^^^^^^^
AttributeError: 'dict' object has no attribute 'alpha'
[2026-03-14 12:17:41,749: INFO: main: >>>>>> stage Data Ingestion stage started <<<<<<]
[2026-03-14 12:17:41,751: INFO: common: yaml file: config\config.yaml loaded successfully]
[2026-03-14 12:17:41,752: INFO: common: yaml file: params.yaml loaded successfully]
[2026-03-14 12:17:41,752: INFO: common: created directory at: artifacts]
[2026-03-14 12:17:41,753: INFO: common: created directory at: artifacts/data_ingestion]
[2026-03-14 12:17:41,753: INFO: data_ingestion: File already exists of size: ~ 23 KB]
[2026-03-14 12:17:41,756: INFO: main: >>>>>> stage Data Ingestion stage completed <<<<<<

x==========x]
[2026-03-14 12:17:41,756: INFO: main: >>>>>> stage Data Validation stage started <<<<<<]
[2026-03-14 12:17:41,758: INFO: common: yaml file: config\config.yaml loaded successfully]
[2026-03-14 12:17:41,758: INFO: common: yaml file: params.yaml loaded successfully]
[2026-03-14 12:17:41,759: INFO: common: created directory at: artifacts]
[2026-03-14 12:17:41,761: INFO: common: yaml file: schema.yaml loaded successfully]
[2026-03-14 12:17:41,761: INFO: common: created directory at: artifacts/data_validation]
[2026-03-14 12:17:41,803: INFO: main: >>>>>> stage Data Validation stage completed <<<<<<

x==========x]
[2026-03-14 12:17:41,804: INFO: main: >>>>>> stage Data Transformation stage started <<<<<<]
[2026-03-14 12:17:41,806: INFO: common: yaml file: config\config.yaml loaded successfully]
[2026-03-14 12:17:41,807: INFO: common: yaml file: params.yaml loaded successfully]
[2026-03-14 12:17:41,807: INFO: common: created directory at: artifacts]
[2026-03-14 12:17:41,807: INFO: common: created directory at: artifacts/data_transformation]
[2026-03-14 12:17:41,838: INFO: data_transformation: Splited data into training and test sets]
[2026-03-14 12:17:41,838: INFO: data_transformation: (1199, 12)]
[2026-03-14 12:17:41,838: INFO: data_transformation: (400, 12)]
[2026-03-14 12:17:41,840: INFO: main: >>>>>> stage Data Transformation stage completed <<<<<<

x==========x]
[2026-03-14 12:17:41,840: INFO: main: >>>>>> stage Model Trainer stage started <<<<<<]
[2026-03-14 12:17:41,841: INFO: common: yaml file: config\config.yaml loaded successfully]
[2026-03-14 12:17:41,842: INFO: common: yaml file: params.yaml loaded successfully]
[2026-03-14 12:17:41,842: INFO: common: created directory at: artifacts]
[2026-03-14 12:17:41,844: INFO: common: yaml file: schema.yaml loaded successfully]
[2026-03-14 12:17:41,844: INFO: common: created directory at: artifacts/model_trainer]
[2026-03-14 12:17:41,886: INFO: model_trainer: Model saved at artifacts/model_trainer\model.joblib]
[2026-03-14 12:17:41,886: INFO: main: >>>>>> stage Model Trainer stage completed <<<<<<

x==========x]
[2026-03-14 12:24:54,865: INFO: main: >>>>>> stage Data Ingestion stage started <<<<<<]
[2026-03-14 12:24:54,880: INFO: common: yaml file: config\config.yaml loaded successfully]
[2026-03-14 12:24:54,881: INFO: common: yaml file: params.yaml loaded successfully]
[2026-03-14 12:24:54,882: INFO: common: created directory at: artifacts]
[2026-03-14 12:24:54,882: INFO: common: created directory at: artifacts/data_ingestion]
[2026-03-14 12:24:54,882: INFO: data_ingestion: File already exists of size: ~ 23 KB]
[2026-03-14 12:24:54,890: INFO: main: >>>>>> stage Data Ingestion stage completed <<<<<<

x==========x]
[2026-03-14 12:24:54,890: INFO: main: >>>>>> stage Data Validation stage started <<<<<<]
[2026-03-14 12:24:54,893: INFO: common: yaml file: config\config.yaml loaded successfully]
[2026-03-14 12:24:54,894: INFO: common: yaml file: params.yaml loaded successfully]
[2026-03-14 12:24:54,894: INFO: common: created directory at: artifacts]
[2026-03-14 12:24:54,895: INFO: common: yaml file: schema.yaml loaded successfully]
[2026-03-14 12:24:54,895: INFO: common: created directory at: artifacts/data_validation]
[2026-03-14 12:24:54,934: INFO: main: >>>>>> stage Data Validation stage completed <<<<<<

x==========x]
[2026-03-14 12:24:54,935: INFO: main: >>>>>> stage Data Transformation stage started <<<<<<]
[2026-03-14 12:24:54,937: INFO: common: yaml file: config\config.yaml loaded successfully]
[2026-03-14 12:24:54,938: INFO: common: yaml file: params.yaml loaded successfully]
[2026-03-14 12:24:54,939: INFO: common: created directory at: artifacts]
[2026-03-14 12:24:54,939: INFO: common: created directory at: artifacts/data_transformation]
[2026-03-14 12:24:54,963: INFO: data_transformation: Splited data into training and test sets]
[2026-03-14 12:24:54,964: INFO: data_transformation: (1199, 12)]
[2026-03-14 12:24:54,964: INFO: data_transformation: (400, 12)]
[2026-03-14 12:24:54,965: INFO: main: >>>>>> stage Data Transformation stage completed <<<<<<

x==========x]
[2026-03-14 12:24:54,965: INFO: main: >>>>>> stage Model Trainer stage started <<<<<<]
[2026-03-14 12:24:54,966: INFO: common: yaml file: config\config.yaml loaded successfully]
[2026-03-14 12:24:54,968: INFO: common: yaml file: params.yaml loaded successfully]
[2026-03-14 12:24:54,968: INFO: common: created directory at: artifacts]
[2026-03-14 12:24:54,968: INFO: common: yaml file: schema.yaml loaded successfully]
[2026-03-14 12:24:54,970: INFO: common: created directory at: artifacts/model_trainer]
[2026-03-14 12:24:55,001: INFO: model_trainer: Model saved at artifacts/model_trainer\model.joblib]
[2026-03-14 12:24:55,002: INFO: main: >>>>>> stage Model Trainer stage completed <<<<<<

x==========x]
[2026-03-14 12:24:55,002: INFO: main: >>>>>> stage Model Evaluation stage started <<<<<<]
[2026-03-14 12:24:55,004: INFO: common: yaml file: config\config.yaml loaded successfully]
[2026-03-14 12:24:55,005: INFO: common: yaml file: params.yaml loaded successfully]
[2026-03-14 12:24:55,006: INFO: common: created directory at: artifacts]
[2026-03-14 12:24:55,009: INFO: common: yaml file: schema.yaml loaded successfully]
[2026-03-14 12:24:55,010: INFO: common: created directory at: artifacts/model_evaluation]
[2026-03-14 12:24:55,038: INFO: common: json file saved at: artifacts\model_evaluation\metrics.json]
[2026-03-14 12:24:55,038: INFO: main: >>>>>> stage Model Evaluation stage completed <<<<<<

x==========x]
[2026-03-14 12:27:01,538: INFO: main: >>>>>> stage Data Ingestion stage started <<<<<<]
[2026-03-14 12:27:01,540: INFO: common: yaml file: config\config.yaml loaded successfully]
[2026-03-14 12:27:01,557: INFO: common: yaml file: params.yaml loaded successfully]
[2026-03-14 12:27:01,557: INFO: common: created directory at: artifacts]
[2026-03-14 12:27:01,558: INFO: common: created directory at: artifacts/data_ingestion]
[2026-03-14 12:27:01,558: INFO: data_ingestion: File already exists of size: ~ 23 KB]
[2026-03-14 12:27:01,562: INFO: main: >>>>>> stage Data Ingestion stage completed <<<<<<

x==========x]
[2026-03-14 12:27:01,562: INFO: main: >>>>>> stage Data Validation stage started <<<<<<]
[2026-03-14 12:27:01,565: INFO: common: yaml file: config\config.yaml loaded successfully]
[2026-03-14 12:27:01,565: INFO: common: yaml file: params.yaml loaded successfully]
[2026-03-14 12:27:01,565: INFO: common: created directory at: artifacts]
[2026-03-14 12:27:01,569: INFO: common: yaml file: schema.yaml loaded successfully]
[2026-03-14 12:27:01,569: INFO: common: created directory at: artifacts/data_validation]
[2026-03-14 12:27:01,603: INFO: main: >>>>>> stage Data Validation stage completed <<<<<<

x==========x]
[2026-03-14 12:27:01,604: INFO: main: >>>>>> stage Data Transformation stage started <<<<<<]
[2026-03-14 12:27:01,606: INFO: common: yaml file: config\config.yaml loaded successfully]
[2026-03-14 12:27:01,607: INFO: common: yaml file: params.yaml loaded successfully]
[2026-03-14 12:27:01,608: INFO: common: created directory at: artifacts]
[2026-03-14 12:27:01,608: INFO: common: created directory at: artifacts/data_transformation]
[2026-03-14 12:27:01,624: INFO: data_transformation: Splited data into training and test sets]
[2026-03-14 12:27:01,624: INFO: data_transformation: (1199, 12)]
[2026-03-14 12:27:01,624: INFO: data_transformation: (400, 12)]
[2026-03-14 12:27:01,625: INFO: main: >>>>>> stage Data Transformation stage completed <<<<<<

x==========x]
[2026-03-14 12:27:01,625: INFO: main: >>>>>> stage Model Trainer stage started <<<<<<]
[2026-03-14 12:27:01,627: INFO: common: yaml file: config\config.yaml loaded successfully]
[2026-03-14 12:27:01,627: INFO: common: yaml file: params.yaml loaded successfully]
[2026-03-14 12:27:01,628: INFO: common: created directory at: artifacts]
[2026-03-14 12:27:01,629: INFO: common: yaml file: schema.yaml loaded successfully]
[2026-03-14 12:27:01,629: INFO: common: created directory at: artifacts/model_trainer]
[2026-03-14 12:27:01,658: INFO: model_trainer: Model saved at artifacts/model_trainer\model.joblib]
[2026-03-14 12:27:01,659: INFO: main: >>>>>> stage Model Trainer stage completed <<<<<<

x==========x]
[2026-03-14 12:27:01,659: INFO: main: >>>>>> stage Model Evaluation stage started <<<<<<]
[2026-03-14 12:27:01,661: INFO: common: yaml file: config\config.yaml loaded successfully]
[2026-03-14 12:27:01,662: INFO: common: yaml file: params.yaml loaded successfully]
[2026-03-14 12:27:01,662: INFO: common: created directory at: artifacts]
[2026-03-14 12:27:01,663: INFO: common: yaml file: schema.yaml loaded successfully]
[2026-03-14 12:27:01,664: INFO: common: created directory at: artifacts/model_evaluation]
[2026-03-14 12:27:01,689: INFO: common: json file saved at: artifacts\model_evaluation\metrics.json]
[2026-03-14 12:27:01,690: INFO: main: >>>>>> stage Model Evaluation stage completed <<<<<<

x==========x]
[2026-03-15 11:22:44,363: INFO: main: >>>>>> stage Data Ingestion stage started <<<<<<]
[2026-03-15 11:22:44,371: INFO: common: yaml file: config\config.yaml loaded successfully]
[2026-03-15 11:22:44,384: INFO: common: yaml file: params.yaml loaded successfully]
[2026-03-15 11:22:44,388: INFO: common: created directory at: artifacts]
[2026-03-15 11:22:44,388: INFO: common: created directory at: artifacts/data_ingestion]
[2026-03-15 11:22:44,388: INFO: data_ingestion: File already exists of size: ~ 23 KB]
[2026-03-15 11:22:44,409: INFO: main: >>>>>> stage Data Ingestion stage completed <<<<<<

x==========x]
[2026-03-15 11:22:44,413: INFO: main: >>>>>> stage Data Validation stage started <<<<<<]
[2026-03-15 11:22:44,413: INFO: common: yaml file: config\config.yaml loaded successfully]
[2026-03-15 11:22:44,413: INFO: common: yaml file: params.yaml loaded successfully]
[2026-03-15 11:22:44,413: INFO: common: created directory at: artifacts]
[2026-03-15 11:22:44,422: INFO: common: yaml file: schema.yaml loaded successfully]
[2026-03-15 11:22:44,422: INFO: common: created directory at: artifacts/data_validation]
[2026-03-15 11:22:44,463: INFO: main: >>>>>> stage Data Validation stage completed <<<<<<

x==========x]
[2026-03-15 11:22:44,463: INFO: main: >>>>>> stage Data Transformation stage started <<<<<<]
[2026-03-15 11:22:44,463: INFO: common: yaml file: config\config.yaml loaded successfully]
[2026-03-15 11:22:44,463: INFO: common: yaml file: params.yaml loaded successfully]
[2026-03-15 11:22:44,463: INFO: common: created directory at: artifacts]
[2026-03-15 11:22:44,463: INFO: common: created directory at: artifacts/data_transformation]
[2026-03-15 11:22:44,489: INFO: data_transformation: Splited data into training and test sets]
[2026-03-15 11:22:44,489: INFO: data_transformation: (1199, 12)]
[2026-03-15 11:22:44,489: INFO: data_transformation: (400, 12)]
[2026-03-15 11:22:44,489: INFO: main: >>>>>> stage Data Transformation stage completed <<<<<<

x==========x]
[2026-03-15 11:22:44,489: INFO: main: >>>>>> stage Model Trainer stage started <<<<<<]
[2026-03-15 11:22:44,489: INFO: common: yaml file: config\config.yaml loaded successfully]
[2026-03-15 11:22:44,495: INFO: common: yaml file: params.yaml loaded successfully]
[2026-03-15 11:22:44,495: INFO: common: created directory at: artifacts]
[2026-03-15 11:22:44,495: INFO: common: yaml file: schema.yaml loaded successfully]
[2026-03-15 11:22:44,495: INFO: common: created directory at: artifacts/model_trainer]
[2026-03-15 11:22:44,641: INFO: model_trainer: Model saved at artifacts/model_trainer\model.joblib]
[2026-03-15 11:22:44,641: INFO: main: >>>>>> stage Model Trainer stage completed <<<<<<

x==========x]
[2026-03-15 11:22:44,641: INFO: main: >>>>>> stage Model Evaluation stage started <<<<<<]
[2026-03-15 11:22:44,643: INFO: common: yaml file: config\config.yaml loaded successfully]
[2026-03-15 11:22:44,643: INFO: common: yaml file: params.yaml loaded successfully]
[2026-03-15 11:22:44,643: INFO: common: created directory at: artifacts]
[2026-03-15 11:22:44,643: INFO: common: yaml file: schema.yaml loaded successfully]
[2026-03-15 11:22:44,643: INFO: common: created directory at: artifacts/model_evaluation]
[2026-03-15 11:22:44,669: INFO: common: json file saved at: artifacts\model_evaluation\metrics.json]
[2026-03-15 11:22:44,669: INFO: main: >>>>>> stage Model Evaluation stage completed <<<<<<

x==========x]
[2026-03-15 11:49:28,395: INFO: main: >>>>>> stage Data Ingestion stage started <<<<<<]
[2026-03-15 11:49:28,395: INFO: common: yaml file: config\config.yaml loaded successfully]
[2026-03-15 11:49:28,404: INFO: common: yaml file: params.yaml loaded successfully]
[2026-03-15 11:49:28,404: INFO: common: created directory at: artifacts]
[2026-03-15 11:49:28,404: INFO: common: created directory at: artifacts/data_ingestion]
[2026-03-15 11:49:28,404: INFO: data_ingestion: File already exists of size: ~ 23 KB]
[2026-03-15 11:49:28,415: INFO: main: >>>>>> stage Data Ingestion stage completed <<<<<<

x==========x]
[2026-03-15 11:49:28,421: INFO: main: >>>>>> stage Data Validation stage started <<<<<<]
[2026-03-15 11:49:28,425: INFO: common: yaml file: config\config.yaml loaded successfully]
[2026-03-15 11:49:28,432: INFO: common: yaml file: params.yaml loaded successfully]
[2026-03-15 11:49:28,436: INFO: common: created directory at: artifacts]
[2026-03-15 11:49:28,537: INFO: common: yaml file: schema.yaml loaded successfully]
[2026-03-15 11:49:28,549: INFO: common: created directory at: artifacts/data_validation]
[2026-03-15 11:49:28,601: INFO: main: >>>>>> stage Data Validation stage completed <<<<<<

x==========x]
[2026-03-15 11:49:28,602: INFO: main: >>>>>> stage Data Transformation stage started <<<<<<]
[2026-03-15 11:49:28,607: INFO: common: yaml file: config\config.yaml loaded successfully]
[2026-03-15 11:49:28,611: INFO: common: yaml file: params.yaml loaded successfully]
[2026-03-15 11:49:28,613: INFO: common: created directory at: artifacts]
[2026-03-15 11:49:28,615: INFO: common: created directory at: artifacts/data_transformation]
[2026-03-15 11:49:28,652: INFO: data_transformation: Splited data into training and test sets]
[2026-03-15 11:49:28,652: INFO: data_transformation: (1199, 12)]
[2026-03-15 11:49:28,652: INFO: data_transformation: (400, 12)]
[2026-03-15 11:49:28,652: INFO: main: >>>>>> stage Data Transformation stage completed <<<<<<

x==========x]
[2026-03-15 11:49:28,652: INFO: main: >>>>>> stage Model Trainer stage started <<<<<<]
[2026-03-15 11:49:28,657: INFO: common: yaml file: config\config.yaml loaded successfully]
[2026-03-15 11:49:28,657: INFO: common: yaml file: params.yaml loaded successfully]
[2026-03-15 11:49:28,657: INFO: common: created directory at: artifacts]
[2026-03-15 11:49:28,657: ERROR: main: 'dict' object has no attribute 'model_trainer']
Traceback (most recent call last):
  File "C:\Users\devar\OneDrive\Documents\My ML Rgeression Temp 01\main.py", line 48, in <module>
    model_trainer.main()
  File "C:\Users\devar\OneDrive\Documents\My ML Rgeression Temp 01\src\universal_regression\pipeline\stage_04_model_trainer.py", line 11, in main
    model_trainer_config = config.get_model_trainer_config()
                           ^^^^^^^^^^^^^^^^^^^^^^^^^^^^^^^^^
  File "C:\Users\devar\OneDrive\Documents\My ML Rgeression Temp 01\src\universal_regression\config\configuration.py", line 71, in get_model_trainer_config
    config = self.config.model_trainer
             ^^^^^^^^^^^^^^^^^^^^^^^^^
AttributeError: 'dict' object has no attribute 'model_trainer'
[2026-03-15 11:50:26,964: INFO: main: >>>>>> stage Data Ingestion stage started <<<<<<]
[2026-03-15 11:50:26,966: INFO: common: yaml file: config\config.yaml loaded successfully]
[2026-03-15 11:50:26,968: INFO: common: yaml file: params.yaml loaded successfully]
[2026-03-15 11:50:26,968: INFO: common: created directory at: artifacts]
[2026-03-15 11:50:26,968: INFO: common: created directory at: artifacts/data_ingestion]
[2026-03-15 11:50:26,968: INFO: data_ingestion: File already exists of size: ~ 23 KB]
[2026-03-15 11:50:26,974: INFO: main: >>>>>> stage Data Ingestion stage completed <<<<<<

x==========x]
[2026-03-15 11:50:26,976: INFO: main: >>>>>> stage Data Validation stage started <<<<<<]
[2026-03-15 11:50:26,980: INFO: common: yaml file: config\config.yaml loaded successfully]
[2026-03-15 11:50:26,980: INFO: common: yaml file: params.yaml loaded successfully]
[2026-03-15 11:50:26,987: INFO: common: created directory at: artifacts]
[2026-03-15 11:50:26,987: INFO: common: yaml file: schema.yaml loaded successfully]
[2026-03-15 11:50:26,987: INFO: common: created directory at: artifacts/data_validation]
[2026-03-15 11:50:27,045: INFO: main: >>>>>> stage Data Validation stage completed <<<<<<

x==========x]
[2026-03-15 11:50:27,045: INFO: main: >>>>>> stage Data Transformation stage started <<<<<<]
[2026-03-15 11:50:27,050: INFO: common: yaml file: config\config.yaml loaded successfully]
[2026-03-15 11:50:27,051: INFO: common: yaml file: params.yaml loaded successfully]
[2026-03-15 11:50:27,051: INFO: common: created directory at: artifacts]
[2026-03-15 11:50:27,053: INFO: common: created directory at: artifacts/data_transformation]
[2026-03-15 11:50:27,091: INFO: data_transformation: Splited data into training and test sets]
[2026-03-15 11:50:27,095: INFO: data_transformation: (1199, 12)]
[2026-03-15 11:50:27,096: INFO: data_transformation: (400, 12)]
[2026-03-15 11:50:27,096: INFO: main: >>>>>> stage Data Transformation stage completed <<<<<<

x==========x]
[2026-03-15 11:50:27,096: INFO: main: >>>>>> stage Model Trainer stage started <<<<<<]
[2026-03-15 11:50:27,099: INFO: common: yaml file: config\config.yaml loaded successfully]
[2026-03-15 11:50:27,099: INFO: common: yaml file: params.yaml loaded successfully]
[2026-03-15 11:50:27,102: INFO: common: created directory at: artifacts]
[2026-03-15 11:50:27,102: ERROR: main: 'ConfigurationManager' object has no attribute 'schema']
Traceback (most recent call last):
  File "C:\Users\devar\OneDrive\Documents\My ML Rgeression Temp 01\main.py", line 48, in <module>
    model_trainer.main()
  File "C:\Users\devar\OneDrive\Documents\My ML Rgeression Temp 01\src\universal_regression\pipeline\stage_04_model_trainer.py", line 11, in main
    model_trainer_config = config.get_model_trainer_config()
                           ^^^^^^^^^^^^^^^^^^^^^^^^^^^^^^^^^
  File "C:\Users\devar\OneDrive\Documents\My ML Rgeression Temp 01\src\universal_regression\config\configuration.py", line 74, in get_model_trainer_config
    schema = self.schema['TARGET_COLUMN']
             ^^^^^^^^^^^
AttributeError: 'ConfigurationManager' object has no attribute 'schema'
[2026-03-15 11:51:14,557: INFO: main: >>>>>> stage Data Ingestion stage started <<<<<<]
[2026-03-15 11:51:14,567: INFO: common: yaml file: config\config.yaml loaded successfully]
[2026-03-15 11:51:14,567: INFO: common: yaml file: params.yaml loaded successfully]
[2026-03-15 11:51:14,567: INFO: common: created directory at: artifacts]
[2026-03-15 11:51:14,567: INFO: common: created directory at: artifacts/data_ingestion]
[2026-03-15 11:51:14,567: INFO: data_ingestion: File already exists of size: ~ 23 KB]
[2026-03-15 11:51:14,577: INFO: main: >>>>>> stage Data Ingestion stage completed <<<<<<

x==========x]
[2026-03-15 11:51:14,579: INFO: main: >>>>>> stage Data Validation stage started <<<<<<]
[2026-03-15 11:51:14,581: INFO: common: yaml file: config\config.yaml loaded successfully]
[2026-03-15 11:51:14,581: INFO: common: yaml file: params.yaml loaded successfully]
[2026-03-15 11:51:14,581: INFO: common: created directory at: artifacts]
[2026-03-15 11:51:14,586: INFO: common: yaml file: schema.yaml loaded successfully]
[2026-03-15 11:51:14,586: INFO: common: created directory at: artifacts/data_validation]
[2026-03-15 11:51:14,641: INFO: main: >>>>>> stage Data Validation stage completed <<<<<<

x==========x]
[2026-03-15 11:51:14,643: INFO: main: >>>>>> stage Data Transformation stage started <<<<<<]
[2026-03-15 11:51:14,643: INFO: common: yaml file: config\config.yaml loaded successfully]
[2026-03-15 11:51:14,648: INFO: common: yaml file: params.yaml loaded successfully]
[2026-03-15 11:51:14,648: INFO: common: created directory at: artifacts]
[2026-03-15 11:51:14,650: INFO: common: created directory at: artifacts/data_transformation]
[2026-03-15 11:51:14,702: INFO: data_transformation: Splited data into training and test sets]
[2026-03-15 11:51:14,704: INFO: data_transformation: (1199, 12)]
[2026-03-15 11:51:14,705: INFO: data_transformation: (400, 12)]
[2026-03-15 11:51:14,705: INFO: main: >>>>>> stage Data Transformation stage completed <<<<<<

x==========x]
[2026-03-15 11:51:14,705: INFO: main: >>>>>> stage Model Trainer stage started <<<<<<]
[2026-03-15 11:51:14,709: INFO: common: yaml file: config\config.yaml loaded successfully]
[2026-03-15 11:51:14,712: INFO: common: yaml file: params.yaml loaded successfully]
[2026-03-15 11:51:14,713: INFO: common: created directory at: artifacts]
[2026-03-15 11:51:14,713: ERROR: main: 'ConfigurationManager' object has no attribute 'schema']
Traceback (most recent call last):
  File "C:\Users\devar\OneDrive\Documents\My ML Rgeression Temp 01\main.py", line 48, in <module>
    model_trainer.main()
  File "C:\Users\devar\OneDrive\Documents\My ML Rgeression Temp 01\src\universal_regression\pipeline\stage_04_model_trainer.py", line 11, in main
    model_trainer_config = config.get_model_trainer_config()
                           ^^^^^^^^^^^^^^^^^^^^^^^^^^^^^^^^^
  File "C:\Users\devar\OneDrive\Documents\My ML Rgeression Temp 01\src\universal_regression\config\configuration.py", line 74, in get_model_trainer_config
    schema = self.schema['TARGET_COLUMN']
             ^^^^^^^^^^^
AttributeError: 'ConfigurationManager' object has no attribute 'schema'
[2026-03-15 11:55:06,545: INFO: main: >>>>>> stage Data Ingestion stage started <<<<<<]
[2026-03-15 11:55:06,550: INFO: common: yaml file: config\config.yaml loaded successfully]
[2026-03-15 11:55:06,550: INFO: common: yaml file: params.yaml loaded successfully]
[2026-03-15 11:55:06,572: INFO: common: yaml file: schema.yaml loaded successfully]
[2026-03-15 11:55:06,572: ERROR: main: 'dict' object has no attribute 'artifacts_root']
Traceback (most recent call last):
  File "C:\Users\devar\OneDrive\Documents\My ML Rgeression Temp 01\main.py", line 15, in <module>
    data_ingestion.main()
  File "C:\Users\devar\OneDrive\Documents\My ML Rgeression Temp 01\src\universal_regression\pipeline\stage_01_data_ingestion.py", line 11, in main
    config = ConfigurationManager()
             ^^^^^^^^^^^^^^^^^^^^^^
  File "C:\Users\devar\OneDrive\Documents\My ML Rgeression Temp 01\src\universal_regression\config\configuration.py", line 26, in __init__
    create_directories([self.config.artifacts_root])
                        ^^^^^^^^^^^^^^^^^^^^^^^^^^
AttributeError: 'dict' object has no attribute 'artifacts_root'
[2026-03-15 11:58:50,046: INFO: main: >>>>>> stage Data Ingestion stage started <<<<<<]
[2026-03-15 11:58:50,052: INFO: common: yaml file: config\config.yaml loaded successfully]
[2026-03-15 11:58:50,054: INFO: common: yaml file: params.yaml loaded successfully]
[2026-03-15 11:58:50,056: INFO: common: yaml file: schema.yaml loaded successfully]
[2026-03-15 11:58:50,058: INFO: common: created directory at: artifacts]
[2026-03-15 11:58:50,059: INFO: common: created directory at: artifacts/data_ingestion]
[2026-03-15 11:58:50,059: INFO: data_ingestion: File already exists of size: ~ 23 KB]
[2026-03-15 11:58:50,071: INFO: main: >>>>>> stage Data Ingestion stage completed <<<<<<

x==========x]
[2026-03-15 11:58:50,071: INFO: main: >>>>>> stage Data Validation stage started <<<<<<]
[2026-03-15 11:58:50,076: INFO: common: yaml file: config\config.yaml loaded successfully]
[2026-03-15 11:58:50,076: INFO: common: yaml file: params.yaml loaded successfully]
[2026-03-15 11:58:50,080: INFO: common: yaml file: schema.yaml loaded successfully]
[2026-03-15 11:58:50,080: INFO: common: created directory at: artifacts]
[2026-03-15 11:58:50,084: INFO: common: yaml file: schema.yaml loaded successfully]
[2026-03-15 11:58:50,086: INFO: common: created directory at: artifacts/data_validation]
[2026-03-15 11:58:50,143: INFO: main: >>>>>> stage Data Validation stage completed <<<<<<

x==========x]
[2026-03-15 11:58:50,143: INFO: main: >>>>>> stage Data Transformation stage started <<<<<<]
[2026-03-15 11:58:50,148: INFO: common: yaml file: config\config.yaml loaded successfully]
[2026-03-15 11:58:50,148: INFO: common: yaml file: params.yaml loaded successfully]
[2026-03-15 11:58:50,154: INFO: common: yaml file: schema.yaml loaded successfully]
[2026-03-15 11:58:50,156: INFO: common: created directory at: artifacts]
[2026-03-15 11:58:50,156: INFO: common: created directory at: artifacts/data_transformation]
[2026-03-15 11:58:50,191: INFO: data_transformation: Splited data into training and test sets]
[2026-03-15 11:58:50,191: INFO: data_transformation: (1199, 12)]
[2026-03-15 11:58:50,191: INFO: data_transformation: (400, 12)]
[2026-03-15 11:58:50,191: INFO: main: >>>>>> stage Data Transformation stage completed <<<<<<

x==========x]
[2026-03-15 11:58:50,196: INFO: main: >>>>>> stage Model Trainer stage started <<<<<<]
[2026-03-15 11:58:50,196: INFO: common: yaml file: config\config.yaml loaded successfully]
[2026-03-15 11:58:50,196: INFO: common: yaml file: params.yaml loaded successfully]
[2026-03-15 11:58:50,196: INFO: common: yaml file: schema.yaml loaded successfully]
[2026-03-15 11:58:50,196: INFO: common: created directory at: artifacts]
[2026-03-15 11:58:50,204: INFO: common: created directory at: artifacts/model_trainer]
[2026-03-15 11:58:51,122: INFO: main: >>>>>> stage Model Trainer stage completed <<<<<<

x==========x]
[2026-03-15 11:58:51,127: INFO: main: >>>>>> stage Model Evaluation stage started <<<<<<]
[2026-03-15 11:58:51,131: INFO: common: yaml file: config\config.yaml loaded successfully]
[2026-03-15 11:58:51,132: INFO: common: yaml file: params.yaml loaded successfully]
[2026-03-15 11:58:51,134: INFO: common: yaml file: schema.yaml loaded successfully]
[2026-03-15 11:58:51,136: INFO: common: created directory at: artifacts]
[2026-03-15 11:58:51,136: ERROR: main: 'ElasticNet']
Traceback (most recent call last):
  File "C:\Users\devar\OneDrive\Documents\My ML Rgeression Temp 01\main.py", line 59, in <module>
    model_evaluation.main()
  File "C:\Users\devar\OneDrive\Documents\My ML Rgeression Temp 01\src\universal_regression\pipeline\stage_05_model_evaluation.py", line 11, in main
    model_evaluation_config = config.get_model_evaluation_config()
                              ^^^^^^^^^^^^^^^^^^^^^^^^^^^^^^^^^^^^
  File "C:\Users\devar\OneDrive\Documents\My ML Rgeression Temp 01\src\universal_regression\config\configuration.py", line 96, in get_model_evaluation_config
    params = self.params['ElasticNet']
             ~~~~~~~~~~~^^^^^^^^^^^^^^
KeyError: 'ElasticNet'
[2026-03-15 12:02:05,747: INFO: main: >>>>>> stage Data Ingestion stage started <<<<<<]
[2026-03-15 12:02:05,753: INFO: common: yaml file: config\config.yaml loaded successfully]
[2026-03-15 12:02:05,781: INFO: common: yaml file: params.yaml loaded successfully]
[2026-03-15 12:02:05,785: INFO: common: yaml file: schema.yaml loaded successfully]
[2026-03-15 12:02:05,786: INFO: common: created directory at: artifacts]
[2026-03-15 12:02:05,786: INFO: common: created directory at: artifacts/data_ingestion]
[2026-03-15 12:02:05,786: INFO: data_ingestion: File already exists of size: ~ 23 KB]
[2026-03-15 12:02:05,792: INFO: main: >>>>>> stage Data Ingestion stage completed <<<<<<

x==========x]
[2026-03-15 12:02:05,793: INFO: main: >>>>>> stage Data Validation stage started <<<<<<]
[2026-03-15 12:02:05,796: INFO: common: yaml file: config\config.yaml loaded successfully]
[2026-03-15 12:02:05,796: INFO: common: yaml file: params.yaml loaded successfully]
[2026-03-15 12:02:05,799: INFO: common: yaml file: schema.yaml loaded successfully]
[2026-03-15 12:02:05,799: INFO: common: created directory at: artifacts]
[2026-03-15 12:02:05,801: INFO: common: yaml file: schema.yaml loaded successfully]
[2026-03-15 12:02:05,803: INFO: common: created directory at: artifacts/data_validation]
[2026-03-15 12:02:05,866: INFO: main: >>>>>> stage Data Validation stage completed <<<<<<

x==========x]
[2026-03-15 12:02:05,867: INFO: main: >>>>>> stage Data Transformation stage started <<<<<<]
[2026-03-15 12:02:05,871: INFO: common: yaml file: config\config.yaml loaded successfully]
[2026-03-15 12:02:05,877: INFO: common: yaml file: params.yaml loaded successfully]
[2026-03-15 12:02:05,880: INFO: common: yaml file: schema.yaml loaded successfully]
[2026-03-15 12:02:05,880: INFO: common: created directory at: artifacts]
[2026-03-15 12:02:05,882: INFO: common: created directory at: artifacts/data_transformation]
[2026-03-15 12:02:05,928: INFO: data_transformation: Splited data into training and test sets]
[2026-03-15 12:02:05,928: INFO: data_transformation: (1199, 12)]
[2026-03-15 12:02:05,928: INFO: data_transformation: (400, 12)]
[2026-03-15 12:02:05,928: INFO: main: >>>>>> stage Data Transformation stage completed <<<<<<

x==========x]
[2026-03-15 12:02:05,928: INFO: main: >>>>>> stage Model Trainer stage started <<<<<<]
[2026-03-15 12:02:05,934: INFO: common: yaml file: config\config.yaml loaded successfully]
[2026-03-15 12:02:05,938: INFO: common: yaml file: params.yaml loaded successfully]
[2026-03-15 12:02:05,938: INFO: common: yaml file: schema.yaml loaded successfully]
[2026-03-15 12:02:05,938: INFO: common: created directory at: artifacts]
[2026-03-15 12:02:05,938: INFO: common: created directory at: artifacts/model_trainer]
[2026-03-15 12:02:06,813: INFO: main: >>>>>> stage Model Trainer stage completed <<<<<<

x==========x]
[2026-03-15 12:02:06,815: INFO: main: >>>>>> stage Model Evaluation stage started <<<<<<]
[2026-03-15 12:02:06,819: INFO: common: yaml file: config\config.yaml loaded successfully]
[2026-03-15 12:02:06,823: INFO: common: yaml file: params.yaml loaded successfully]
[2026-03-15 12:02:06,827: INFO: common: yaml file: schema.yaml loaded successfully]
[2026-03-15 12:02:06,829: INFO: common: created directory at: artifacts]
[2026-03-15 12:02:06,839: INFO: common: yaml file: schema.yaml loaded successfully]
[2026-03-15 12:02:06,842: INFO: common: created directory at: artifacts/model_evaluation]
[2026-03-15 12:02:07,019: INFO: common: json file saved at: artifacts\model_evaluation\metrics.json]
[2026-03-15 12:02:07,022: INFO: main: >>>>>> stage Model Evaluation stage completed <<<<<<

x==========x]
